<?xml version="1.0" encoding="utf-8"?><testsuites name="pytest tests"><testsuite name="pytest" errors="0" failures="0" skipped="0" tests="5" time="5.415" timestamp="2026-05-28T12:00:01.176793+00:00" hostname="agent-env-f26fa8d6-aae7-449e-8dd6-a8553cd1c054"><testcase classname="backend.tests.test_delete_gapfill.TestCustomerGapFill" name="test_customer_code_gap_fill" time="1.561" /><testcase classname="backend.tests.test_delete_gapfill.TestRechargeAndInvoiceGapFill" name="test_recharge_delete_cascade_and_gap_fill" time="1.557" /><testcase classname="backend.tests.test_delete_gapfill.TestInvoiceDeleteGuard" name="test_cannot_delete_invoice_linked_to_recharge" time="0.595" /><testcase classname="backend.tests.test_delete_gapfill.TestInvoiceDeleteGuard" name="test_can_delete_standalone_invoice" time="0.538" /><testcase classname="backend.tests.test_delete_gapfill.TestCustomerCascade" name="test_delete_customer_cascades_recharges_and_invoices" time="1.100" /></testsuite></testsuites>