<?xml version="1.0" encoding="utf-8"?><testsuites name="pytest tests"><testsuite name="pytest" errors="0" failures="0" skipped="0" tests="5" time="2.176" timestamp="2026-05-28T21:22:51.897316+00:00" hostname="agent-env-f26fa8d6-aae7-449e-8dd6-a8553cd1c054"><testcase classname="backend.tests.test_treasury_batch_ledger_iter14" name="test_patch_batch_writes_sweep_and_conv_usdt" time="0.779" /><testcase classname="backend.tests.test_treasury_batch_ledger_iter14" name="test_overview_reflects_balances" time="0.072" /><testcase classname="backend.tests.test_treasury_batch_ledger_iter14" name="test_repatch_same_fields_no_duplicates" time="0.384" /><testcase classname="backend.tests.test_treasury_batch_ledger_iter14" name="test_sync_ledger_endpoint_idempotent" time="0.287" /><testcase classname="backend.tests.test_treasury_batch_ledger_iter14" name="test_extend_batch_writes_aed_and_wio_pairs" time="0.592" /></testsuite></testsuites>