<?xml version="1.0" encoding="utf-8"?><testsuites name="pytest tests"><testsuite name="pytest" errors="0" failures="0" skipped="0" tests="7" time="4.230" timestamp="2026-05-28T15:24:08.548259+00:00" hostname="agent-env-f26fa8d6-aae7-449e-8dd6-a8553cd1c054"><testcase classname="backend.tests.test_expenses_oxapay_iter10.TestAuth" name="test_login_returns_jwt" time="0.396" /><testcase classname="backend.tests.test_expenses_oxapay_iter10.TestExpensesCRUDLedger" name="test_create_expense_creates_ledger_row" time="0.654" /><testcase classname="backend.tests.test_expenses_oxapay_iter10.TestExpensesCRUDLedger" name="test_update_expense_recreates_ledger" time="0.755" /><testcase classname="backend.tests.test_expenses_oxapay_iter10.TestExpensesCRUDLedger" name="test_delete_expense_reverses_ledger" time="0.809" /><testcase classname="backend.tests.test_expenses_oxapay_iter10.TestOxaPayLedgerSchema" name="test_oxapay_ledger_schema_includes_original_fields" time="0.171" /><testcase classname="backend.tests.test_expenses_oxapay_iter10.TestOxaPayLedgerSchema" name="test_oxapay_sync_history_endpoint" time="1.008" /><testcase classname="backend.tests.test_expenses_oxapay_iter10.TestOxaPayLedgerSchema" name="test_oxapay_sync_requires_jwt" time="0.263" /></testsuite></testsuites>