<?xml version="1.0" encoding="utf-8"?><testsuites name="pytest tests"><testsuite name="pytest" errors="0" failures="0" skipped="0" tests="26" time="5.194" timestamp="2026-06-01T12:23:03.248266+00:00" hostname="agent-env-f26fa8d6-aae7-449e-8dd6-a8553cd1c054"><testcase classname="backend.tests.test_vault_modules_iter21.TestCorporateDocs" name="test_list_empty_ok" time="0.515" /><testcase classname="backend.tests.test_vault_modules_iter21.TestCorporateDocs" name="test_create_missing_file_returns_400" time="0.151" /><testcase classname="backend.tests.test_vault_modules_iter21.TestCorporateDocs" name="test_create_with_file" time="0.129" /><testcase classname="backend.tests.test_vault_modules_iter21.TestCorporateDocs" name="test_get_persisted" time="0.136" /><testcase classname="backend.tests.test_vault_modules_iter21.TestCorporateDocs" name="test_patch_metadata" time="0.128" /><testcase classname="backend.tests.test_vault_modules_iter21.TestCorporateDocs" name="test_download_file" time="0.299" /><testcase classname="backend.tests.test_vault_modules_iter21.TestCorporateDocs" name="test_delete" time="0.281" /><testcase classname="backend.tests.test_vault_modules_iter21.TestTax" name="test_summary_empty_ok" time="0.123" /><testcase classname="backend.tests.test_vault_modules_iter21.TestTax" name="test_create_upcoming" time="0.127" /><testcase classname="backend.tests.test_vault_modules_iter21.TestTax" name="test_create_overdue_autoflag" time="0.291" /><testcase classname="backend.tests.test_vault_modules_iter21.TestTax" name="test_summary_counts" time="0.131" /><testcase classname="backend.tests.test_vault_modules_iter21.TestTax" name="test_patch_status_paid" time="0.141" /><testcase classname="backend.tests.test_vault_modules_iter21.TestTax" name="test_cleanup" time="0.269" /><testcase classname="backend.tests.test_vault_modules_iter21.TestContracts" name="test_list_ok" time="0.139" /><testcase classname="backend.tests.test_vault_modules_iter21.TestContracts" name="test_create_active" time="0.131" /><testcase classname="backend.tests.test_vault_modules_iter21.TestContracts" name="test_create_missing_title_returns_400" time="0.141" /><testcase classname="backend.tests.test_vault_modules_iter21.TestContracts" name="test_auto_expiry" time="0.260" /><testcase classname="backend.tests.test_vault_modules_iter21.TestContracts" name="test_patch_contract" time="0.147" /><testcase classname="backend.tests.test_vault_modules_iter21.TestContracts" name="test_cleanup" time="0.267" /><testcase classname="backend.tests.test_vault_modules_iter21.TestConversionRegister" name="test_list" time="0.118" /><testcase classname="backend.tests.test_vault_modules_iter21.TestConversionRegister" name="test_summary" time="0.127" /><testcase classname="backend.tests.test_vault_modules_iter21.TestKycMulti" name="test_pick_or_create_customer" time="0.147" /><testcase classname="backend.tests.test_vault_modules_iter21.TestKycMulti" name="test_upload_multi_two_files" time="0.147" /><testcase classname="backend.tests.test_vault_modules_iter21.TestKycMulti" name="test_list_includes_uploaded" time="0.129" /><testcase classname="backend.tests.test_vault_modules_iter21.TestKycMulti" name="test_delete_kyc_doc" time="0.445" /><testcase classname="backend.tests.test_vault_modules_iter21.TestKycMulti" name="test_upload_multi_no_files_400" time="0.127" /></testsuite></testsuites>