<?xml version="1.0" encoding="utf-8"?><testsuites name="pytest tests"><testsuite name="pytest" errors="0" failures="0" skipped="0" tests="4" time="2.566" timestamp="2026-05-29T08:14:18.418027+00:00" hostname="agent-env-f26fa8d6-aae7-449e-8dd6-a8553cd1c054"><testcase classname="backend.tests.test_treasury_iter16.TestClearBatchStepAed" name="test_delete_aed_step_leaves_sweep_and_usdt_intact" time="0.803" /><testcase classname="backend.tests.test_treasury_iter16.TestClearBatchStepWio" name="test_delete_wio_step_leaves_aed_and_earlier_intact" time="0.450" /><testcase classname="backend.tests.test_treasury_iter16.TestVerifyBtcTransferWithPartialAed" name="test_full_patch_with_partial_aed_DOES_trip_validation" time="0.215" /><testcase classname="backend.tests.test_treasury_iter16.TestVerifyBtcTransferWithPartialAed" name="test_sweep_only_patch_succeeds_then_verify_doesnt_trip_aed" time="1.024" /></testsuite></testsuites>