<?xml version="1.0" encoding="utf-8"?><testsuites name="pytest tests"><testsuite name="pytest" errors="0" failures="0" skipped="0" tests="12" time="34.374" timestamp="2026-05-30T21:10:08.107674+00:00" hostname="agent-env-f26fa8d6-aae7-449e-8dd6-a8553cd1c054"><testcase classname="backend.tests.test_2fa_and_accountant_pack_iter20.TestLoginWith2faDisabled" name="test_login_returns_full_token_and_must_setup_flag" time="0.708" /><testcase classname="backend.tests.test_2fa_and_accountant_pack_iter20.TestLoginWith2faDisabled" name="test_me_reports_must_setup_2fa" time="0.132" /><testcase classname="backend.tests.test_2fa_and_accountant_pack_iter20.TestSetup" name="test_setup_returns_qr_and_secret" time="0.150" /><testcase classname="backend.tests.test_2fa_and_accountant_pack_iter20.TestEnable" name="test_enable_wrong_code_returns_401" time="0.348" /><testcase classname="backend.tests.test_2fa_and_accountant_pack_iter20.TestEnable" name="test_enable_with_correct_code_returns_recovery_codes" time="0.847" /><testcase classname="backend.tests.test_2fa_and_accountant_pack_iter20.TestLoginAfter2faEnabled" name="test_login_returns_require_2fa" time="0.204" /><testcase classname="backend.tests.test_2fa_and_accountant_pack_iter20.TestLoginAfter2faEnabled" name="test_login_verify_invalid_totp_401" time="0.332" /><testcase classname="backend.tests.test_2fa_and_accountant_pack_iter20.TestLoginAfter2faEnabled" name="test_login_verify_valid_totp_returns_full_token" time="0.334" /><testcase classname="backend.tests.test_2fa_and_accountant_pack_iter20.TestLoginAfter2faEnabled" name="test_login_verify_with_recovery_code_succeeds_and_is_single_use" time="1.390" /><testcase classname="backend.tests.test_2fa_and_accountant_pack_iter20.TestRegenerate" name="test_regenerate_invalidates_old_codes" time="2.714" /><testcase classname="backend.tests.test_2fa_and_accountant_pack_iter20.TestDisable" name="test_disable_with_valid_totp" time="0.617" /><testcase classname="backend.tests.test_2fa_and_accountant_pack_iter20.TestAccountantPack" name="test_accountant_pack_returns_valid_zip" time="26.419" /></testsuite></testsuites>