<?xml version="1.0" encoding="utf-8"?><testsuites name="pytest tests"><testsuite name="pytest" errors="0" failures="0" skipped="0" tests="17" time="6.314" timestamp="2026-05-30T09:08:17.964781+00:00" hostname="agent-env-f26fa8d6-aae7-449e-8dd6-a8553cd1c054"><testcase classname="backend.tests.test_backups_iter19.TestAuthGuard" name="test_no_token_returns_401" time="0.249" /><testcase classname="backend.tests.test_backups_iter19.TestAuthGuard" name="test_non_admin_returns_403" time="0.760" /><testcase classname="backend.tests.test_backups_iter19.TestBackupCrud" name="test_list_returns_array" time="0.127" /><testcase classname="backend.tests.test_backups_iter19.TestBackupCrud" name="test_create_manual_backup" time="0.331" /><testcase classname="backend.tests.test_backups_iter19.TestBackupCrud" name="test_download_streams_gzip" time="0.127" /><testcase classname="backend.tests.test_backups_iter19.TestBackupCrud" name="test_path_traversal_download_rejected" time="0.128" /><testcase classname="backend.tests.test_backups_iter19.TestBackupCrud" name="test_path_traversal_restore_rejected" time="0.129" /><testcase classname="backend.tests.test_backups_iter19.TestUploadDelete" name="test_upload_sql_gz" time="0.271" /><testcase classname="backend.tests.test_backups_iter19.TestUploadDelete" name="test_upload_non_sqlgz_rejected" time="0.127" /><testcase classname="backend.tests.test_backups_iter19.TestUploadDelete" name="test_delete_removes_file" time="0.244" /><testcase classname="backend.tests.test_backups_iter19.TestRestore" name="test_restore_without_confirm_returns_400" time="0.127" /><testcase classname="backend.tests.test_backups_iter19.TestRestore" name="test_restore_with_wrong_confirm_returns_400" time="0.122" /><testcase classname="backend.tests.test_backups_iter19.TestRestore" name="test_restore_with_correct_confirm_succeeds" time="0.612" /><testcase classname="backend.tests.test_backups_iter19.TestRestore" name="test_db_still_functional_after_restore" time="2.497" /><testcase classname="backend.tests.test_backups_iter19.TestDriveGuards" name="test_drive_status_not_configured" time="0.130" /><testcase classname="backend.tests.test_backups_iter19.TestDriveGuards" name="test_drive_list_returns_400_not_configured" time="0.115" /><testcase classname="backend.tests.test_backups_iter19.TestDriveGuards" name="test_drive_delete_returns_400_not_configured" time="0.125" /></testsuite></testsuites>