<?xml version="1.0" encoding="utf-8"?><testsuites name="pytest tests"><testsuite name="pytest" errors="0" failures="0" skipped="0" tests="9" time="1.767" timestamp="2026-05-30T08:32:56.874244+00:00" hostname="agent-env-f26fa8d6-aae7-449e-8dd6-a8553cd1c054"><testcase classname="backend.tests.test_exchange_convert_direct_fiat_iter18.TestDirectFiatConversion" name="test_btc_to_aed_returns_correct_batch_shape" time="0.450" /><testcase classname="backend.tests.test_exchange_convert_direct_fiat_iter18.TestDirectFiatConversion" name="test_btc_to_usd_creates_usd_batch" time="0.082" /><testcase classname="backend.tests.test_exchange_convert_direct_fiat_iter18.TestDirectFiatConversion" name="test_eth_to_eur_creates_eur_batch" time="0.076" /><testcase classname="backend.tests.test_exchange_convert_direct_fiat_iter18.TestDirectFiatConversion" name="test_eth_to_usd_creates_usd_batch_direct" time="0.079" /><testcase classname="backend.tests.test_exchange_convert_direct_fiat_iter18.TestUsdtRegression" name="test_btc_to_usdt_still_works" time="0.080" /><testcase classname="backend.tests.test_exchange_convert_direct_fiat_iter18.TestCryptoToCrypto" name="test_btc_to_eth_no_fiat_no_usdt" time="0.123" /><testcase classname="backend.tests.test_exchange_convert_direct_fiat_iter18.TestLedgerFanout" name="test_btc_to_aed_creates_btc_convert_from_aed_convert_to" time="0.240" /><testcase classname="backend.tests.test_exchange_convert_direct_fiat_iter18.TestLedgerFanout" name="test_eth_to_usd_creates_eth_minus_usd_plus" time="0.069" /><testcase classname="backend.tests.test_exchange_convert_direct_fiat_iter18.TestDeleteAedStep" name="test_delete_aed_step_removes_pair_and_clears_fields" time="0.362" /></testsuite></testsuites>