<?xml version="1.0" encoding="utf-8"?><testsuites name="pytest tests"><testsuite name="pytest" errors="0" failures="0" skipped="0" tests="10" time="2.283" timestamp="2026-05-28T20:40:37.747599+00:00" hostname="agent-env-f26fa8d6-aae7-449e-8dd6-a8553cd1c054"><testcase classname="backend.tests.test_wallets_convert_iter13.TestConvertValidation" name="test_same_coin_rejected" time="1.728" /><testcase classname="backend.tests.test_wallets_convert_iter13.TestConvertValidation" name="test_zero_from_amount_rejected" time="0.075" /><testcase classname="backend.tests.test_wallets_convert_iter13.TestConvertValidation" name="test_missing_received_and_rate_rejected" time="0.071" /><testcase classname="backend.tests.test_wallets_convert_iter13.TestConvertWithReceivedAmount" name="test_response_has_conv_id_and_legs" time="0.091" /><testcase classname="backend.tests.test_wallets_convert_iter13.TestConvertWithReceivedAmount" name="test_rate_auto_computed" time="0.000" /><testcase classname="backend.tests.test_wallets_convert_iter13.TestConvertWithReceivedAmount" name="test_event_at_honored" time="0.000" /><testcase classname="backend.tests.test_wallets_convert_iter13.TestConvertWithReceivedAmount" name="test_legs_linked" time="0.000" /><testcase classname="backend.tests.test_wallets_convert_iter13.TestConvertWithReceivedAmount" name="test_ledger_endpoint_shows_both_legs" time="0.081" /><testcase classname="backend.tests.test_wallets_convert_iter13.TestConvertWithReceivedAmount" name="test_overview_reflects_balances" time="0.077" /><testcase classname="backend.tests.test_wallets_convert_iter13.TestConvertWithRate" name="test_rate_only_computes_to_amount" time="0.078" /></testsuite></testsuites>