<?xml version="1.0" encoding="utf-8"?><testsuites name="pytest tests"><testsuite name="pytest" errors="0" failures="0" skipped="1" tests="6" time="1.317" timestamp="2026-05-28T16:08:41.885791+00:00" hostname="agent-env-f26fa8d6-aae7-449e-8dd6-a8553cd1c054"><testcase classname="backend.tests.test_treasury_wallet_delete_iter11" name="test_wallets_overview_endpoint" time="0.383" /><testcase classname="backend.tests.test_treasury_wallet_delete_iter11" name="test_delete_unknown_ledger_row_returns_404" time="0.075" /><testcase classname="backend.tests.test_treasury_wallet_delete_iter11" name="test_delete_unknown_batch_returns_404" time="0.081" /><testcase classname="backend.tests.test_treasury_wallet_delete_iter11" name="test_binance_expense_700_syncs_to_wallets_overview" time="0.386" /><testcase classname="backend.tests.test_treasury_wallet_delete_iter11" name="test_recharges_delete_endpoint_works" time="0.078"><skipped type="pytest.skip" message="recharge create not supported with this payload: 400 {&quot;message&quot;:&quot;Customer not found&quot;,&quot;error&quot;:&quot;Bad Request&quot;,&quot;statusCode&quot;:400}">/app/backend/tests/test_treasury_wallet_delete_iter11.py:153: recharge create not supported with this payload: 400 {"message":"Customer not found","error":"Bad Request","statusCode":400}</skipped></testcase><testcase classname="backend.tests.test_treasury_wallet_delete_iter11" name="test_create_batch_then_delete_ledger_row_pair" time="0.247" /></testsuite></testsuites>