<?xml version="1.0" encoding="utf-8"?><testsuites name="pytest tests"><testsuite name="pytest" errors="0" failures="0" skipped="0" tests="12" time="7.600" timestamp="2026-08-07T10:49:43.544113+00:00" hostname="agent-env-f26fa8d6-aae7-449e-8dd6-a8553cd1c054"><testcase classname="tests.test_iter30_fx_aed.TestFxSettings" name="test_get_settings_shape" time="0.392" /><testcase classname="tests.test_iter30_fx_aed.TestFxSettings" name="test_get_settings_requires_auth" time="0.114" /><testcase classname="tests.test_iter30_fx_aed.TestFxSettings" name="test_put_settings_persists" time="0.134" /><testcase classname="tests.test_iter30_fx_aed.TestFxSettings" name="test_ca_cannot_put_settings" time="0.336" /><testcase classname="tests.test_iter30_fx_aed.TestFxSettings" name="test_ca_settings_attempt_did_not_change_rates" time="0.068" /><testcase classname="tests.test_iter30_fx_aed.TestInvoiceAed" name="test_all_invoices_have_aed_fields" time="1.268" /><testcase classname="tests.test_iter30_fx_aed.TestInvoiceAed" name="test_eur_invoice_uses_manual_rate" time="0.861" /><testcase classname="tests.test_iter30_fx_aed.TestInvoiceAed" name="test_usd_invoice_pegged_rate" time="0.745" /><testcase classname="tests.test_iter30_fx_aed.TestInvoiceAed" name="test_rate_change_recomputes_at_read_time" time="0.914" /><testcase classname="tests.test_iter30_fx_aed.TestInvoiceAed" name="test_auto_mode_eur_live_rate" time="0.805" /><testcase classname="tests.test_iter30_fx_aed.TestInvoiceRender" name="test_html_shows_aed_total_and_fx_rate" time="0.942" /><testcase classname="tests.test_iter30_fx_aed.TestInvoiceRender" name="test_pdf_valid" time="0.939" /></testsuite></testsuites>