<?xml version="1.0" encoding="utf-8"?><testsuites name="pytest tests"><testsuite name="pytest" errors="0" failures="0" skipped="0" tests="6" time="2.732" timestamp="2026-05-28T19:04:20.400275+00:00" hostname="agent-env-f26fa8d6-aae7-449e-8dd6-a8553cd1c054"><testcase classname="backend.tests.test_recharges_btcpay_backfill_iter12" name="test_create_recharge_records_exact_crypto_amount" time="0.894" /><testcase classname="backend.tests.test_recharges_btcpay_backfill_iter12" name="test_manual_backfill_creates_crypto_transaction" time="0.277" /><testcase classname="backend.tests.test_recharges_btcpay_backfill_iter12" name="test_manual_backfill_appends_btcpay_ledger" time="0.240" /><testcase classname="backend.tests.test_recharges_btcpay_backfill_iter12" name="test_treasury_btcpay_verify_finds_tx" time="0.490" /><testcase classname="backend.tests.test_recharges_btcpay_backfill_iter12" name="test_offchain_manual_credit_no_op" time="0.229" /><testcase classname="backend.tests.test_recharges_btcpay_backfill_iter12" name="test_duplicate_tx_hash_backfill_does_not_crash" time="0.403" /></testsuite></testsuites>