<?xml version="1.0" encoding="utf-8"?><testsuites name="pytest tests"><testsuite name="pytest" errors="0" failures="0" skipped="0" tests="10" time="2.320" timestamp="2026-06-01T14:15:22.939251+00:00" hostname="agent-env-f26fa8d6-aae7-449e-8dd6-a8553cd1c054"><testcase classname="backend.tests.test_iter25_customer_dto_and_history.TestCreateCustomerDto" name="test_empty_body_returns_400" time="0.577" /><testcase classname="backend.tests.test_iter25_customer_dto_and_history.TestCreateCustomerDto" name="test_valid_body_returns_201" time="0.142" /><testcase classname="backend.tests.test_iter25_customer_dto_and_history.TestCreateCustomerDto" name="test_invalid_email_returns_400" time="0.128" /><testcase classname="backend.tests.test_iter25_customer_dto_and_history.TestCreateCustomerDto" name="test_single_identifier_magnus_only_returns_201" time="0.177" /><testcase classname="backend.tests.test_iter25_customer_dto_and_history.TestCreateCustomerDto" name="test_invalid_status_enum_returns_400" time="0.159" /><testcase classname="backend.tests.test_iter25_customer_dto_and_history.TestEmployeeHistory" name="test_history_returns_array" time="0.165" /><testcase classname="backend.tests.test_iter25_customer_dto_and_history.TestEmployeeHistory" name="test_history_event_types" time="0.144" /><testcase classname="backend.tests.test_iter25_customer_dto_and_history.TestEmployeeHistory" name="test_history_strips_sign_token_but_keeps_flag" time="0.152" /><testcase classname="backend.tests.test_iter25_customer_dto_and_history.TestEmployeeHistory" name="test_history_sorted_by_effective_date_desc" time="0.143" /><testcase classname="backend.tests.test_iter25_customer_dto_and_history.TestEmployeeHistory" name="test_history_unknown_uuid_returns_empty_or_404" time="0.470" /></testsuite></testsuites>