<?xml version="1.0" encoding="utf-8"?><testsuites name="pytest tests"><testsuite name="pytest" errors="0" failures="0" skipped="0" tests="35" time="17.700" timestamp="2026-07-27T07:49:58.132327+00:00" hostname="agent-env-f26fa8d6-aae7-449e-8dd6-a8553cd1c054"><testcase classname="tests.test_iter28_reports_fixes.TestCorporateTaxRounding" name="test_corporate_tax_working_rounded" time="4.507" /><testcase classname="tests.test_iter28_reports_fixes.TestCorporateTaxRounding" name="test_yearly_pl_rounded" time="0.096" /><testcase classname="tests.test_iter28_reports_fixes.TestCorporateTaxRounding" name="test_vat_return_rounded" time="0.094" /><testcase classname="tests.test_iter28_reports_fixes.TestEmptyCsvNotice" name="test_empty_csv_has_notice[crypto-to-aed]" time="0.107" /><testcase classname="tests.test_iter28_reports_fixes.TestEmptyCsvNotice" name="test_empty_csv_has_notice[suspicious]" time="0.067" /><testcase classname="tests.test_iter28_reports_fixes.TestReportsRegression" name="test_report_endpoint_200[monthly-sales]" time="0.071" /><testcase classname="tests.test_iter28_reports_fixes.TestReportsRegression" name="test_report_endpoint_200[quarterly-sales]" time="0.066" /><testcase classname="tests.test_iter28_reports_fixes.TestReportsRegression" name="test_report_endpoint_200[yearly-pl]" time="0.085" /><testcase classname="tests.test_iter28_reports_fixes.TestReportsRegression" name="test_report_endpoint_200[customer-recharge]" time="0.252" /><testcase classname="tests.test_iter28_reports_fixes.TestReportsRegression" name="test_report_endpoint_200[crypto-to-aed]" time="0.067" /><testcase classname="tests.test_iter28_reports_fixes.TestReportsRegression" name="test_report_endpoint_200[bank-reconciliation]" time="0.249" /><testcase classname="tests.test_iter28_reports_fixes.TestReportsRegression" name="test_report_endpoint_200[vat-threshold]" time="0.083" /><testcase classname="tests.test_iter28_reports_fixes.TestReportsRegression" name="test_report_endpoint_200[corporate-tax]" time="0.084" /><testcase classname="tests.test_iter28_reports_fixes.TestReportsRegression" name="test_report_endpoint_200[expenses]" time="0.066" /><testcase classname="tests.test_iter28_reports_fixes.TestReportsRegression" name="test_report_endpoint_200[suspicious]" time="0.065" /><testcase classname="tests.test_iter28_reports_fixes.TestReportsRegression" name="test_report_endpoint_200[sales-journal]" time="0.090" /><testcase classname="tests.test_iter28_reports_fixes.TestReportsRegression" name="test_report_endpoint_200[vat-return]" time="0.091" /><testcase classname="tests.test_iter28_reports_fixes.TestReportsRegression" name="test_report_endpoint_200[expense-ledger]" time="0.074" /><testcase classname="tests.test_iter28_reports_fixes.TestReportsRegression" name="test_report_endpoint_200[corporate-tax-working]" time="0.087" /><testcase classname="tests.test_iter28_reports_fixes.TestReportsRegression" name="test_exports_200[csv-vat-return]" time="0.082" /><testcase classname="tests.test_iter28_reports_fixes.TestReportsRegression" name="test_exports_200[csv-corporate-tax-working]" time="0.082" /><testcase classname="tests.test_iter28_reports_fixes.TestReportsRegression" name="test_exports_200[csv-expense-ledger]" time="0.067" /><testcase classname="tests.test_iter28_reports_fixes.TestReportsRegression" name="test_exports_200[csv-sales-journal]" time="0.074" /><testcase classname="tests.test_iter28_reports_fixes.TestReportsRegression" name="test_exports_200[excel-vat-return]" time="0.196" /><testcase classname="tests.test_iter28_reports_fixes.TestReportsRegression" name="test_exports_200[excel-corporate-tax-working]" time="0.087" /><testcase classname="tests.test_iter28_reports_fixes.TestReportsRegression" name="test_exports_200[excel-expense-ledger]" time="0.075" /><testcase classname="tests.test_iter28_reports_fixes.TestReportsRegression" name="test_exports_200[excel-sales-journal]" time="0.194" /><testcase classname="tests.test_iter28_reports_fixes.TestReportsRegression" name="test_exports_200[pdf-vat-return]" time="2.584" /><testcase classname="tests.test_iter28_reports_fixes.TestReportsRegression" name="test_exports_200[pdf-corporate-tax-working]" time="2.205" /><testcase classname="tests.test_iter28_reports_fixes.TestReportsRegression" name="test_exports_200[pdf-expense-ledger]" time="2.242" /><testcase classname="tests.test_iter28_reports_fixes.TestReportsRegression" name="test_exports_200[pdf-sales-journal]" time="2.528" /><testcase classname="tests.test_iter28_reports_fixes.TestReportsRegression" name="test_ca_can_access_reports" time="0.367" /><testcase classname="tests.test_iter28_reports_fixes.TestReportsRegression" name="test_ca_new_reports[vat-return]" time="0.082" /><testcase classname="tests.test_iter28_reports_fixes.TestReportsRegression" name="test_ca_new_reports[corporate-tax-working]" time="0.084" /><testcase classname="tests.test_iter28_reports_fixes.TestReportsRegression" name="test_rows_reports_have_row_arrays" time="0.361" /></testsuite></testsuites>