<?xml version="1.0" encoding="utf-8"?><testsuites name="pytest tests"><testsuite name="pytest" errors="0" failures="2" skipped="0" tests="65" time="154.798" timestamp="2026-07-27T07:39:59.539129+00:00" hostname="agent-env-f26fa8d6-aae7-449e-8dd6-a8553cd1c054"><testcase classname="tests.test_iter27_ca_reports.TestAuthAndAccess" name="test_admin_login" time="18.194" /><testcase classname="tests.test_iter27_ca_reports.TestAuthAndAccess" name="test_unauthenticated_rejected" time="60.274" /><testcase classname="tests.test_iter27_ca_reports.TestNewCaReports" name="test_sales_journal" time="0.112" /><testcase classname="tests.test_iter27_ca_reports.TestNewCaReports" name="test_vat_return" time="0.090" /><testcase classname="tests.test_iter27_ca_reports.TestNewCaReports" name="test_vat_return_quarter" time="0.078" /><testcase classname="tests.test_iter27_ca_reports.TestNewCaReports" name="test_expense_ledger" time="0.070" /><testcase classname="tests.test_iter27_ca_reports.TestNewCaReports" name="test_corporate_tax_working" time="0.085" /><testcase classname="tests.test_iter27_ca_reports.TestOriginalReports" name="test_report_endpoint[monthly-sales]" time="0.067" /><testcase classname="tests.test_iter27_ca_reports.TestOriginalReports" name="test_report_endpoint[quarterly-sales]" time="0.105" /><testcase classname="tests.test_iter27_ca_reports.TestOriginalReports" name="test_report_endpoint[yearly-pl]" time="0.085" /><testcase classname="tests.test_iter27_ca_reports.TestOriginalReports" name="test_report_endpoint[customer-recharge]" time="0.210" /><testcase classname="tests.test_iter27_ca_reports.TestOriginalReports" name="test_report_endpoint[crypto-to-aed]" time="0.065" /><testcase classname="tests.test_iter27_ca_reports.TestOriginalReports" name="test_report_endpoint[bank-reconciliation]" time="0.256" /><testcase classname="tests.test_iter27_ca_reports.TestOriginalReports" name="test_report_endpoint[vat-threshold]" time="0.085" /><testcase classname="tests.test_iter27_ca_reports.TestOriginalReports" name="test_report_endpoint[corporate-tax]" time="0.085" /><testcase classname="tests.test_iter27_ca_reports.TestOriginalReports" name="test_report_endpoint[expenses]" time="0.065" /><testcase classname="tests.test_iter27_ca_reports.TestOriginalReports" name="test_report_endpoint[suspicious]" time="0.069" /><testcase classname="tests.test_iter27_ca_reports.TestExports" name="test_export[csv-text/csv-sales-journal]" time="0.077" /><testcase classname="tests.test_iter27_ca_reports.TestExports" name="test_export[csv-text/csv-vat-return]" time="0.120" /><testcase classname="tests.test_iter27_ca_reports.TestExports" name="test_export[csv-text/csv-expense-ledger]" time="0.063" /><testcase classname="tests.test_iter27_ca_reports.TestExports" name="test_export[csv-text/csv-corporate-tax-working]" time="0.086" /><testcase classname="tests.test_iter27_ca_reports.TestExports" name="test_export[csv-text/csv-monthly-sales]" time="0.066" /><testcase classname="tests.test_iter27_ca_reports.TestExports" name="test_export[csv-text/csv-quarterly-sales]" time="0.104" /><testcase classname="tests.test_iter27_ca_reports.TestExports" name="test_export[csv-text/csv-yearly-pl]" time="0.080" /><testcase classname="tests.test_iter27_ca_reports.TestExports" name="test_export[csv-text/csv-customer-recharge]" time="0.172" /><testcase classname="tests.test_iter27_ca_reports.TestExports" name="test_export[csv-text/csv-crypto-to-aed]" time="0.063"><failure message="AssertionError: crypto-to-aed/csv empty body&#10;assert 0 &gt; 0&#10; +  where 0 = len(b'')&#10; +    where b'' = &lt;Response [200]&gt;.content">tests/test_iter27_ca_reports.py:148: in test_export
    assert len(r.content) &gt; 0, f"{key}/{fmt} empty body"
E   AssertionError: crypto-to-aed/csv empty body
E   assert 0 &gt; 0
E    +  where 0 = len(b'')
E    +    where b'' = &lt;Response [200]&gt;.content</failure></testcase><testcase classname="tests.test_iter27_ca_reports.TestExports" name="test_export[csv-text/csv-bank-reconciliation]" time="0.136" /><testcase classname="tests.test_iter27_ca_reports.TestExports" name="test_export[csv-text/csv-vat-threshold]" time="0.077" /><testcase classname="tests.test_iter27_ca_reports.TestExports" name="test_export[csv-text/csv-corporate-tax]" time="0.077" /><testcase classname="tests.test_iter27_ca_reports.TestExports" name="test_export[csv-text/csv-expenses]" time="0.062" /><testcase classname="tests.test_iter27_ca_reports.TestExports" name="test_export[csv-text/csv-suspicious]" time="0.067"><failure message="AssertionError: suspicious/csv empty body&#10;assert 0 &gt; 0&#10; +  where 0 = len(b'')&#10; +    where b'' = &lt;Response [200]&gt;.content">tests/test_iter27_ca_reports.py:148: in test_export
    assert len(r.content) &gt; 0, f"{key}/{fmt} empty body"
E   AssertionError: suspicious/csv empty body
E   assert 0 &gt; 0
E    +  where 0 = len(b'')
E    +    where b'' = &lt;Response [200]&gt;.content</failure></testcase><testcase classname="tests.test_iter27_ca_reports.TestExports" name="test_export[excel-application/vnd.openxmlformats-officedocument.spreadsheetml.sheet-sales-journal]" time="0.352" /><testcase classname="tests.test_iter27_ca_reports.TestExports" name="test_export[excel-application/vnd.openxmlformats-officedocument.spreadsheetml.sheet-vat-return]" time="0.084" /><testcase classname="tests.test_iter27_ca_reports.TestExports" name="test_export[excel-application/vnd.openxmlformats-officedocument.spreadsheetml.sheet-expense-ledger]" time="0.122" /><testcase classname="tests.test_iter27_ca_reports.TestExports" name="test_export[excel-application/vnd.openxmlformats-officedocument.spreadsheetml.sheet-corporate-tax-working]" time="0.086" /><testcase classname="tests.test_iter27_ca_reports.TestExports" name="test_export[excel-application/vnd.openxmlformats-officedocument.spreadsheetml.sheet-monthly-sales]" time="0.067" /><testcase classname="tests.test_iter27_ca_reports.TestExports" name="test_export[excel-application/vnd.openxmlformats-officedocument.spreadsheetml.sheet-quarterly-sales]" time="0.065" /><testcase classname="tests.test_iter27_ca_reports.TestExports" name="test_export[excel-application/vnd.openxmlformats-officedocument.spreadsheetml.sheet-yearly-pl]" time="0.083" /><testcase classname="tests.test_iter27_ca_reports.TestExports" name="test_export[excel-application/vnd.openxmlformats-officedocument.spreadsheetml.sheet-customer-recharge]" time="0.342" /><testcase classname="tests.test_iter27_ca_reports.TestExports" name="test_export[excel-application/vnd.openxmlformats-officedocument.spreadsheetml.sheet-crypto-to-aed]" time="0.067" /><testcase classname="tests.test_iter27_ca_reports.TestExports" name="test_export[excel-application/vnd.openxmlformats-officedocument.spreadsheetml.sheet-bank-reconciliation]" time="0.298" /><testcase classname="tests.test_iter27_ca_reports.TestExports" name="test_export[excel-application/vnd.openxmlformats-officedocument.spreadsheetml.sheet-vat-threshold]" time="0.085" /><testcase classname="tests.test_iter27_ca_reports.TestExports" name="test_export[excel-application/vnd.openxmlformats-officedocument.spreadsheetml.sheet-corporate-tax]" time="0.082" /><testcase classname="tests.test_iter27_ca_reports.TestExports" name="test_export[excel-application/vnd.openxmlformats-officedocument.spreadsheetml.sheet-expenses]" time="0.069" /><testcase classname="tests.test_iter27_ca_reports.TestExports" name="test_export[excel-application/vnd.openxmlformats-officedocument.spreadsheetml.sheet-suspicious]" time="0.063" /><testcase classname="tests.test_iter27_ca_reports.TestExports" name="test_export[pdf-application/pdf-sales-journal]" time="2.929" /><testcase classname="tests.test_iter27_ca_reports.TestExports" name="test_export[pdf-application/pdf-vat-return]" time="2.193" /><testcase classname="tests.test_iter27_ca_reports.TestExports" name="test_export[pdf-application/pdf-expense-ledger]" time="2.238" /><testcase classname="tests.test_iter27_ca_reports.TestExports" name="test_export[pdf-application/pdf-corporate-tax-working]" time="2.197" /><testcase classname="tests.test_iter27_ca_reports.TestExports" name="test_export[pdf-application/pdf-monthly-sales]" time="2.145" /><testcase classname="tests.test_iter27_ca_reports.TestExports" name="test_export[pdf-application/pdf-quarterly-sales]" time="2.138" /><testcase classname="tests.test_iter27_ca_reports.TestExports" name="test_export[pdf-application/pdf-yearly-pl]" time="2.281" /><testcase classname="tests.test_iter27_ca_reports.TestExports" name="test_export[pdf-application/pdf-customer-recharge]" time="2.825" /><testcase classname="tests.test_iter27_ca_reports.TestExports" name="test_export[pdf-application/pdf-crypto-to-aed]" time="2.137" /><testcase classname="tests.test_iter27_ca_reports.TestExports" name="test_export[pdf-application/pdf-bank-reconciliation]" time="2.933" /><testcase classname="tests.test_iter27_ca_reports.TestExports" name="test_export[pdf-application/pdf-vat-threshold]" time="2.238" /><testcase classname="tests.test_iter27_ca_reports.TestExports" name="test_export[pdf-application/pdf-corporate-tax]" time="2.247" /><testcase classname="tests.test_iter27_ca_reports.TestExports" name="test_export[pdf-application/pdf-expenses]" time="2.280" /><testcase classname="tests.test_iter27_ca_reports.TestExports" name="test_export[pdf-application/pdf-suspicious]" time="2.135" /><testcase classname="tests.test_iter27_ca_reports.TestAccountantPack" name="test_pack_zip" time="35.275" /><testcase classname="tests.test_iter27_ca_reports.TestCaAccess" name="test_ca_can_read_new_reports[sales-journal]" time="0.507" /><testcase classname="tests.test_iter27_ca_reports.TestCaAccess" name="test_ca_can_read_new_reports[vat-return]" time="0.086" /><testcase classname="tests.test_iter27_ca_reports.TestCaAccess" name="test_ca_can_read_new_reports[expense-ledger]" time="0.070" /><testcase classname="tests.test_iter27_ca_reports.TestCaAccess" name="test_ca_can_read_new_reports[corporate-tax-working]" time="0.086" /><testcase classname="tests.test_iter27_ca_reports.TestCaAccess" name="test_ca_pdf_sales_journal" time="2.574" /></testsuite></testsuites>