<?xml version="1.0" encoding="utf-8"?><testsuites name="pytest tests"><testsuite name="pytest" errors="0" failures="0" skipped="0" tests="11" time="1.799" timestamp="2026-05-29T09:58:46.487729+00:00" hostname="agent-env-f26fa8d6-aae7-449e-8dd6-a8553cd1c054"><testcase classname="backend.tests.test_exchange_convert_iter17.TestExchangeConvertHappyPath" name="test_binance_btc_to_usdt_returns_batch" time="0.544" /><testcase classname="backend.tests.test_exchange_convert_iter17.TestExchangeConvertHappyPath" name="test_wallet_ledger_has_convert_pair" time="0.092" /><testcase classname="backend.tests.test_exchange_convert_iter17.TestExchangeConvertHappyPath" name="test_overview_reflects_conversion" time="0.131" /><testcase classname="backend.tests.test_exchange_convert_iter17.TestAutoAssignment" name="test_three_recharges_all_assigned_to_new_batch" time="0.406" /><testcase classname="backend.tests.test_exchange_convert_iter17.TestValidation" name="test_unknown_exchange_wallet_returns_400[BTCPAY]" time="0.072" /><testcase classname="backend.tests.test_exchange_convert_iter17.TestValidation" name="test_unknown_exchange_wallet_returns_400[OXAPAY]" time="0.069" /><testcase classname="backend.tests.test_exchange_convert_iter17.TestValidation" name="test_unknown_exchange_wallet_returns_400[WIO_BANK]" time="0.064" /><testcase classname="backend.tests.test_exchange_convert_iter17.TestValidation" name="test_same_coin_returns_400" time="0.064" /><testcase classname="backend.tests.test_exchange_convert_iter17.TestValidation" name="test_zero_from_amount_returns_400" time="0.069" /><testcase classname="backend.tests.test_exchange_convert_iter17.TestValidation" name="test_negative_to_amount_returns_400" time="0.067" /><testcase classname="backend.tests.test_exchange_convert_iter17.TestNonIdempotent" name="test_repeat_creates_new_batch" time="0.156" /></testsuite></testsuites>