<?xml version="1.0" encoding="utf-8"?><testsuites name="pytest tests"><testsuite name="pytest" errors="0" failures="1" skipped="0" tests="15" time="2.831" timestamp="2026-06-01T13:54:47.361831+00:00" hostname="agent-env-f26fa8d6-aae7-449e-8dd6-a8553cd1c054"><testcase classname="backend.tests.test_iter24_uuid_filter" name="test_non_uuid_id_returns_404_not_500[/api/recharges/RCH-2026-99999]" time="0.550" /><testcase classname="backend.tests.test_iter24_uuid_filter" name="test_non_uuid_id_returns_404_not_500[/api/payroll/items/ITEM-XYZ]" time="0.145" /><testcase classname="backend.tests.test_iter24_uuid_filter" name="test_non_uuid_id_returns_404_not_500[/api/payroll/runs/MAY-2026]" time="0.170" /><testcase classname="backend.tests.test_iter24_uuid_filter" name="test_non_uuid_id_returns_404_not_500[/api/invoices/AX-2026-001]" time="0.141" /><testcase classname="backend.tests.test_iter24_uuid_filter" name="test_non_uuid_id_returns_404_not_500[/api/treasury/batches/BATCH-X]" time="0.158" /><testcase classname="backend.tests.test_iter24_uuid_filter" name="test_non_uuid_id_returns_404_not_500[/api/expenses/foo-bar]" time="0.124" /><testcase classname="backend.tests.test_iter24_uuid_filter" name="test_non_uuid_id_returns_404_not_500[/api/tax/some-bad-id]" time="0.163" /><testcase classname="backend.tests.test_iter24_uuid_filter" name="test_non_uuid_id_returns_404_not_500[/api/contracts/abc]" time="0.139" /><testcase classname="backend.tests.test_iter24_uuid_filter" name="test_non_uuid_id_returns_404_not_500[/api/corporate-docs/xyz]" time="0.160" /><testcase classname="backend.tests.test_iter24_uuid_filter" name="test_real_uuid_employee_returns_200" time="0.296" /><testcase classname="backend.tests.test_iter24_uuid_filter" name="test_nonexistent_valid_uuid_returns_404" time="0.168" /><testcase classname="backend.tests.test_iter24_uuid_filter" name="test_customer_code_lookup_works" time="0.147" /><testcase classname="backend.tests.test_iter24_uuid_filter" name="test_customer_code_notfound_returns_404" time="0.129" /><testcase classname="backend.tests.test_iter24_uuid_filter" name="test_invalid_login_returns_401_not_500" time="0.127" /><testcase classname="backend.tests.test_iter24_uuid_filter" name="test_validation_pipe_returns_400_on_missing_fields" time="0.133"><failure message="AssertionError: Expected 400 from validation pipe, got 201: {&quot;customer_code&quot;:&quot;AXC-00002&quot;,&quot;full_name&quot;:&quot;Unknown customer&quot;,&quot;status&quot;:&quot;pending&quot;,&quot;magnus_username&quot;:null,&quot;first_name&quot;:null,&quot;last_name&quot;:null,&quot;company_name&quot;:null,&quot;email&quot;:null,&quot;phone&quot;:null,&quot;telegram&quot;:null,&quot;&#10;assert 201 == 400&#10; +  where 201 = &lt;Response [201]&gt;.status_code">backend/tests/test_iter24_uuid_filter.py:107: in test_validation_pipe_returns_400_on_missing_fields
    assert r.status_code == 400, f"Expected 400 from validation pipe, got {r.status_code}: {r.text[:200]}"
E   AssertionError: Expected 400 from validation pipe, got 201: {"customer_code":"AXC-00002","full_name":"Unknown customer","status":"pending","magnus_username":null,"first_name":null,"last_name":null,"company_name":null,"email":null,"phone":null,"telegram":null,"
E   assert 201 == 400
E    +  where 201 = &lt;Response [201]&gt;.status_code</failure></testcase></testsuite></testsuites>