<?xml version="1.0" encoding="utf-8"?><testsuites name="pytest tests"><testsuite name="pytest" errors="0" failures="0" skipped="0" tests="5" time="2.603" timestamp="2026-05-28T21:56:22.200890+00:00" hostname="agent-env-f26fa8d6-aae7-449e-8dd6-a8553cd1c054"><testcase classname="backend.tests.test_treasury_iter15.TestStampNowTime" name="test_sweep_event_at_not_midnight" time="0.553" /><testcase classname="backend.tests.test_treasury_iter15.TestStampNowTime" name="test_conv_event_at_not_midnight" time="0.082" /><testcase classname="backend.tests.test_treasury_iter15.TestWalletsConvertTimeBump" name="test_convert_with_date_only_event_at" time="0.345" /><testcase classname="backend.tests.test_treasury_iter15.TestClearBatchStepUsdt" name="test_delete_usdt_step_leaves_sweep_intact" time="0.806" /><testcase classname="backend.tests.test_treasury_iter15.TestCascadeDeleteBatch" name="test_delete_batch_removes_all_ledger_rows" time="0.756" /></testsuite></testsuites>