<?xml version="1.0" encoding="utf-8"?><testsuites name="pytest tests"><testsuite name="pytest" errors="0" failures="1" skipped="0" tests="5" time="21.095" timestamp="2026-06-01T13:32:16.105639+00:00" hostname="agent-env-f26fa8d6-aae7-449e-8dd6-a8553cd1c054"><testcase classname="backend.tests.test_iter23_payroll_revision" name="test_offer_letter_before_revision_returns_offer_pdf" time="10.367" /><testcase classname="backend.tests.test_iter23_payroll_revision" name="test_change_salary_then_offer_letter_returns_revision_pdf" time="5.057" /><testcase classname="backend.tests.test_iter23_payroll_revision" name="test_second_salary_change_serves_latest_revision" time="5.125" /><testcase classname="backend.tests.test_iter23_payroll_revision" name="test_payroll_employees_list_renders" time="0.283" /><testcase classname="backend.tests.test_iter23_payroll_revision" name="test_dashboard_customers_recharges_smoke" time="0.175"><failure message="AssertionError: /api/dashboard/stats → 404 {&quot;message&quot;:&quot;Cannot GET /api/dashboard/stats&quot;,&quot;error&quot;:&quot;Not Found&quot;,&quot;statusCode&quot;:404}&#10;assert 404 in (200, 204)&#10; +  where 404 = &lt;Response [404]&gt;.status_code">backend/tests/test_iter23_payroll_revision.py:144: in test_dashboard_customers_recharges_smoke
    assert r.status_code in (200, 204), f"{path} → {r.status_code} {r.text[:200]}"
E   AssertionError: /api/dashboard/stats → 404 {"message":"Cannot GET /api/dashboard/stats","error":"Not Found","statusCode":404}
E   assert 404 in (200, 204)
E    +  where 404 = &lt;Response [404]&gt;.status_code</failure></testcase></testsuite></testsuites>