<?xml version="1.0" encoding="utf-8"?><testsuites name="pytest tests"><testsuite name="pytest" errors="0" failures="0" skipped="0" tests="8" time="6.955" timestamp="2026-07-27T07:20:33.668703+00:00" hostname="agent-env-f26fa8d6-aae7-449e-8dd6-a8553cd1c054"><testcase classname="tests.test_iter26_sign_letter_ca_role.TestSignLetter" name="test_get_primary_token_returns_document" time="0.239" /><testcase classname="tests.test_iter26_sign_letter_ca_role.TestSignLetter" name="test_get_invalid_token_404" time="0.101" /><testcase classname="tests.test_iter26_sign_letter_ca_role.TestSignLetter" name="test_post_agree_backup_token_and_persist" time="4.450" /><testcase classname="tests.test_iter26_sign_letter_ca_role.TestSignLetter" name="test_post_invalid_token_rejected" time="0.073" /><testcase classname="tests.test_iter26_sign_letter_ca_role.TestRoles" name="test_ca_login" time="0.153" /><testcase classname="tests.test_iter26_sign_letter_ca_role.TestRoles" name="test_admin_login" time="0.152" /><testcase classname="tests.test_iter26_sign_letter_ca_role.TestRoles" name="test_ca_bad_password_401" time="0.150" /><testcase classname="tests.test_iter26_sign_letter_ca_role.TestRoles" name="test_ca_token_can_read_finance_surface" time="1.335" /></testsuite></testsuites>