<?xml version="1.0" encoding="utf-8"?><testsuites name="pytest tests"><testsuite name="pytest" errors="0" failures="0" skipped="0" tests="18" time="5.622" timestamp="2026-07-27T08:42:07.939907+00:00" hostname="agent-env-f26fa8d6-aae7-449e-8dd6-a8553cd1c054"><testcase classname="tests.test_iter29_zero_rated_vat.TestSalesJournalZeroRated" name="test_totals" time="0.489" /><testcase classname="tests.test_iter29_zero_rated_vat.TestSalesJournalZeroRated" name="test_rows_zero_rated" time="0.098" /><testcase classname="tests.test_iter29_zero_rated_vat.TestSalesJournalZeroRated" name="test_no_standard_rated_row_anywhere" time="0.100" /><testcase classname="tests.test_iter29_zero_rated_vat.TestVatReturnNil" name="test_nil_return" time="0.069" /><testcase classname="tests.test_iter29_zero_rated_vat.TestUaeCustomerStandardRated" name="test_uae_customer_is_standard_rated" time="0.540" /><testcase classname="tests.test_iter29_zero_rated_vat.TestUaeCustomerStandardRated" name="test_baseline_restored_after_cleanup" time="0.170" /><testcase classname="tests.test_iter29_zero_rated_vat.TestOtherReportsRegression" name="test_report_200[monthly-sales]" time="0.067" /><testcase classname="tests.test_iter29_zero_rated_vat.TestOtherReportsRegression" name="test_report_200[quarterly-sales]" time="0.066" /><testcase classname="tests.test_iter29_zero_rated_vat.TestOtherReportsRegression" name="test_report_200[yearly-pl]" time="0.086" /><testcase classname="tests.test_iter29_zero_rated_vat.TestOtherReportsRegression" name="test_report_200[expense-ledger]" time="0.068" /><testcase classname="tests.test_iter29_zero_rated_vat.TestOtherReportsRegression" name="test_report_200[corporate-tax-working]" time="0.087" /><testcase classname="tests.test_iter29_zero_rated_vat.TestOtherReportsRegression" name="test_report_200[expenses]" time="0.067" /><testcase classname="tests.test_iter29_zero_rated_vat.TestOtherReportsRegression" name="test_ca_access[sales-journal]" time="0.403" /><testcase classname="tests.test_iter29_zero_rated_vat.TestOtherReportsRegression" name="test_ca_access[vat-return]" time="0.071" /><testcase classname="tests.test_iter29_zero_rated_vat.TestOtherReportsRegression" name="test_ca_access[monthly-sales]" time="0.066" /><testcase classname="tests.test_iter29_zero_rated_vat.TestOtherReportsRegression" name="test_sales_journal_exports[csv]" time="0.089" /><testcase classname="tests.test_iter29_zero_rated_vat.TestOtherReportsRegression" name="test_sales_journal_exports[excel]" time="0.337" /><testcase classname="tests.test_iter29_zero_rated_vat.TestOtherReportsRegression" name="test_sales_journal_exports[pdf]" time="2.636" /></testsuite></testsuites>