<?xml version="1.0" encoding="utf-8"?><testsuites name="pytest tests"><testsuite name="pytest" errors="0" failures="0" skipped="0" tests="9" time="12.467" timestamp="2026-06-01T12:58:02.923731+00:00" hostname="agent-env-f26fa8d6-aae7-449e-8dd6-a8553cd1c054"><testcase classname="backend.tests.test_iter22_dashboard_customers.TestNetWorth" name="test_net_worth_json_shape" time="8.543" /><testcase classname="backend.tests.test_iter22_dashboard_customers.TestNetWorth" name="test_net_worth_pdf" time="2.678" /><testcase classname="backend.tests.test_iter22_dashboard_customers.TestNetWorth" name="test_net_worth_requires_auth" time="0.137" /><testcase classname="backend.tests.test_iter22_dashboard_customers.TestCustomerLookup" name="test_non_existent_code_returns_404" time="0.134" /><testcase classname="backend.tests.test_iter22_dashboard_customers.TestCustomerLookup" name="test_invalid_format_returns_404" time="0.153" /><testcase classname="backend.tests.test_iter22_dashboard_customers.TestCustomerLookup" name="test_valid_code_returns_customer" time="0.182" /><testcase classname="backend.tests.test_iter22_dashboard_customers.TestCustomerLookup" name="test_uuid_lookup_backwards_compat" time="0.133" /><testcase classname="backend.tests.test_iter22_dashboard_customers.TestCustomerLookup" name="test_patch_by_customer_code" time="0.272" /><testcase classname="backend.tests.test_iter22_dashboard_customers.TestCustomerLookup" name="test_patch_non_existent_code_returns_404" time="0.142" /></testsuite></testsuites>