<?xml version="1.0" encoding="utf-8"?><testsuites name="pytest tests"><testsuite name="pytest" errors="0" failures="0" skipped="0" tests="13" time="3.942" timestamp="2026-05-22T10:43:33.983205+00:00" hostname="agent-env-f26fa8d6-aae7-449e-8dd6-a8553cd1c054"><testcase classname="backend.tests.test_kyc_magnus.TestKyc" name="test_upload_png_success" time="0.859" /><testcase classname="backend.tests.test_kyc_magnus.TestKyc" name="test_customer_kyc_status_propagated_to_submitted" time="0.072" /><testcase classname="backend.tests.test_kyc_magnus.TestKyc" name="test_upload_pdf_success" time="0.257" /><testcase classname="backend.tests.test_kyc_magnus.TestKyc" name="test_list_returns_desc" time="0.070" /><testcase classname="backend.tests.test_kyc_magnus.TestKyc" name="test_reject_unsupported_type" time="0.148" /><testcase classname="backend.tests.test_kyc_magnus.TestKyc" name="test_upload_nonexistent_customer_404" time="0.132" /><testcase classname="backend.tests.test_kyc_magnus.TestKyc" name="test_file_stream" time="0.159" /><testcase classname="backend.tests.test_kyc_magnus.TestKyc" name="test_review_reject_then_approve_propagation" time="0.403" /><testcase classname="backend.tests.test_kyc_magnus.TestMagnusLive" name="test_status_live" time="0.067" /><testcase classname="backend.tests.test_kyc_magnus.TestMagnusLive" name="test_logs_returns_list" time="0.081" /><testcase classname="backend.tests.test_kyc_magnus.TestMagnusLive" name="test_sync_user_creates_log" time="0.914" /><testcase classname="backend.tests.test_kyc_magnus.TestMagnusLive" name="test_user_lookup_live" time="0.264" /><testcase classname="backend.tests.test_kyc_magnus.TestMagnusLive" name="test_cdr_live" time="0.245" /></testsuite></testsuites>