<?xml version="1.0" encoding="utf-8"?><testsuites name="pytest tests"><testsuite name="pytest" errors="0" failures="0" skipped="0" tests="13" time="6.600" timestamp="2026-05-27T10:08:46.283347+00:00" hostname="agent-env-f26fa8d6-aae7-449e-8dd6-a8553cd1c054"><testcase classname="backend.tests.test_phase1_wallets.TestWalletConfigPhase1" name="test_config_returns_exactly_five_wallets_no_manual" time="0.408" /><testcase classname="backend.tests.test_phase1_wallets.TestWalletConfigPhase1" name="test_overview_returns_five_wallets" time="0.127" /><testcase classname="backend.tests.test_phase1_wallets.TestWalletConfigPhase1" name="test_eth_balance_is_on_okx_not_manual" time="0.122" /><testcase classname="backend.tests.test_phase1_wallets.TestRechargeCryptoTxReceivedWallet" name="test_crypto_tx_with_received_wallet_binance_eth" time="0.801" /><testcase classname="backend.tests.test_phase1_wallets.TestRechargeCryptoTxReceivedWallet" name="test_crypto_tx_with_received_wallet_okx_usdt" time="0.814" /><testcase classname="backend.tests.test_phase1_wallets.TestRechargeCryptoTxReceivedWallet" name="test_crypto_tx_missing_both_wallets_returns_400" time="0.515" /><testcase classname="backend.tests.test_phase1_wallets.TestTelegramWebhookDefault" name="test_telegram_manual_defaults_to_binance_not_manual" time="0.934" /><testcase classname="backend.tests.test_phase1_wallets.TestExpenseWalletRouting" name="test_card_expense_lands_on_wio_bank" time="0.387" /><testcase classname="backend.tests.test_phase1_wallets.TestExpenseWalletRouting" name="test_cash_expense_lands_on_wio_bank" time="0.367" /><testcase classname="backend.tests.test_phase1_wallets.TestRegression" name="test_send_batch_still_works" time="0.699" /><testcase classname="backend.tests.test_phase1_wallets.TestRegression" name="test_convert_still_works" time="0.673" /><testcase classname="backend.tests.test_phase1_wallets.TestRegression" name="test_cashout_still_works" time="0.393" /><testcase classname="backend.tests.test_phase1_wallets.TestRegression" name="test_chain_search_still_returns_counts" time="0.272" /></testsuite></testsuites>