<?xml version="1.0" encoding="utf-8"?><testsuites name="pytest tests"><testsuite name="pytest" errors="0" failures="0" skipped="0" tests="13" time="34.098" timestamp="2026-05-27T10:28:13.848092+00:00" hostname="agent-env-f26fa8d6-aae7-449e-8dd6-a8553cd1c054"><testcase classname="backend.tests.test_phase2_reports.TestInvoiceAB" name="test_pdf_default_branded" time="6.390" /><testcase classname="backend.tests.test_phase2_reports.TestInvoiceAB" name="test_pdf_branded" time="0.226" /><testcase classname="backend.tests.test_phase2_reports.TestInvoiceAB" name="test_pdf_minimal" time="3.233" /><testcase classname="backend.tests.test_phase2_reports.TestInvoiceAB" name="test_html_minimal_contains_sections" time="0.307" /><testcase classname="backend.tests.test_phase2_reports.TestChartsDashboard" name="test_charts_2026" time="0.768" /><testcase classname="backend.tests.test_phase2_reports.TestReportExports" name="test_pdf_export[yearly-pl]" time="2.850" /><testcase classname="backend.tests.test_phase2_reports.TestReportExports" name="test_pdf_export[vat-threshold]" time="2.367" /><testcase classname="backend.tests.test_phase2_reports.TestReportExports" name="test_pdf_export[corporate-tax]" time="2.344" /><testcase classname="backend.tests.test_phase2_reports.TestReportExports" name="test_pdf_export[bank-reconciliation]" time="2.774" /><testcase classname="backend.tests.test_phase2_reports.TestReportExports" name="test_excel_yearly_pl" time="0.579" /><testcase classname="backend.tests.test_phase2_reports.TestMonthEndBundle" name="test_bundle_zip_contents" time="11.854" /><testcase classname="backend.tests.test_phase2_reports.TestRegression" name="test_wallets_overview" time="0.186" /><testcase classname="backend.tests.test_phase2_reports.TestRegression" name="test_chain_search" time="0.157" /></testsuite></testsuites>