<?xml version="1.0" encoding="utf-8"?><testsuites name="pytest tests"><testsuite name="pytest" errors="0" failures="0" skipped="0" tests="7" time="4.360" timestamp="2026-05-22T11:02:59.500309+00:00" hostname="agent-env-f26fa8d6-aae7-449e-8dd6-a8553cd1c054"><testcase classname="backend.tests.test_leads_magnus_users.TestLeads" name="test_public_post_no_auth" time="1.339" /><testcase classname="backend.tests.test_leads_magnus_users.TestLeads" name="test_get_requires_auth" time="0.163" /><testcase classname="backend.tests.test_leads_magnus_users.TestLeads" name="test_authed_list_desc_order_and_contains_created" time="0.377" /><testcase classname="backend.tests.test_leads_magnus_users.TestLeads" name="test_patch_status_transitions" time="0.360" /><testcase classname="backend.tests.test_leads_magnus_users.TestMagnusUsers" name="test_list_users_basic" time="1.137" /><testcase classname="backend.tests.test_leads_magnus_users.TestMagnusUsers" name="test_list_users_search_starts_with" time="0.235" /><testcase classname="backend.tests.test_leads_magnus_users.TestMagnusUsers" name="test_list_users_pagination" time="0.481" /></testsuite></testsuites>