<?xml version="1.0" encoding="utf-8"?><testsuites name="pytest tests"><testsuite name="pytest" errors="0" failures="0" skipped="0" tests="46" time="4.953" timestamp="2026-05-22T10:07:37.863049+00:00" hostname="agent-env-f26fa8d6-aae7-449e-8dd6-a8553cd1c054"><testcase classname="backend.tests.backend_test.TestAuth" name="test_login_success" time="0.307" /><testcase classname="backend.tests.backend_test.TestAuth" name="test_login_invalid" time="0.200" /><testcase classname="backend.tests.backend_test.TestAuth" name="test_me" time="0.321" /><testcase classname="backend.tests.backend_test.TestAuth" name="test_admins_list" time="0.070" /><testcase classname="backend.tests.backend_test.TestAuth" name="test_unauthorized" time="0.128" /><testcase classname="backend.tests.backend_test.TestDashboard" name="test_kpis" time="0.082" /><testcase classname="backend.tests.backend_test.TestDashboard" name="test_chart" time="0.073" /><testcase classname="backend.tests.backend_test.TestDashboard" name="test_recent" time="0.119" /><testcase classname="backend.tests.backend_test.TestCustomers" name="test_list" time="0.069" /><testcase classname="backend.tests.backend_test.TestCustomers" name="test_create_and_get" time="0.145" /><testcase classname="backend.tests.backend_test.TestCustomers" name="test_update" time="0.144" /><testcase classname="backend.tests.backend_test.TestCustomers" name="test_search" time="0.074" /><testcase classname="backend.tests.backend_test.TestRecharges" name="test_list" time="0.068" /><testcase classname="backend.tests.backend_test.TestRecharges" name="test_create_invoice_autogen" time="0.079" /><testcase classname="backend.tests.backend_test.TestRecharges" name="test_get_with_relations" time="0.079" /><testcase classname="backend.tests.backend_test.TestRecharges" name="test_add_crypto_tx_advances_status" time="0.146" /><testcase classname="backend.tests.backend_test.TestRecharges" name="test_magnus_sync_match" time="0.142" /><testcase classname="backend.tests.backend_test.TestRecharges" name="test_magnus_sync_mismatch" time="0.228" /><testcase classname="backend.tests.backend_test.TestRecharges" name="test_update_status" time="0.078" /><testcase classname="backend.tests.backend_test.TestInvoices" name="test_list" time="0.068" /><testcase classname="backend.tests.backend_test.TestInvoices" name="test_get_and_pdf" time="0.237" /><testcase classname="backend.tests.backend_test.TestTreasury" name="test_list" time="0.069" /><testcase classname="backend.tests.backend_test.TestTreasury" name="test_reconciliation" time="0.072" /><testcase classname="backend.tests.backend_test.TestTreasury" name="test_movement_upsert" time="0.091" /><testcase classname="backend.tests.backend_test.TestExpenses" name="test_list" time="0.073" /><testcase classname="backend.tests.backend_test.TestExpenses" name="test_create" time="0.071" /><testcase classname="backend.tests.backend_test.TestReports" name="test_report[monthly-sales]" time="0.076" /><testcase classname="backend.tests.backend_test.TestReports" name="test_report[quarterly-sales]" time="0.069" /><testcase classname="backend.tests.backend_test.TestReports" name="test_report[yearly-pl]" time="0.075" /><testcase classname="backend.tests.backend_test.TestReports" name="test_report[customer-recharge]" time="0.078" /><testcase classname="backend.tests.backend_test.TestReports" name="test_report[crypto-to-aed]" time="0.068" /><testcase classname="backend.tests.backend_test.TestReports" name="test_report[bank-reconciliation]" time="0.070" /><testcase classname="backend.tests.backend_test.TestReports" name="test_report[vat-threshold]" time="0.076" /><testcase classname="backend.tests.backend_test.TestReports" name="test_report[corporate-tax]" time="0.071" /><testcase classname="backend.tests.backend_test.TestReports" name="test_report[expenses]" time="0.070" /><testcase classname="backend.tests.backend_test.TestReports" name="test_report[suspicious]" time="0.092" /><testcase classname="backend.tests.backend_test.TestReports" name="test_csv_export" time="0.084" /><testcase classname="backend.tests.backend_test.TestReports" name="test_excel_export" time="0.190" /><testcase classname="backend.tests.backend_test.TestCompliance" name="test_list" time="0.071" /><testcase classname="backend.tests.backend_test.TestCompliance" name="test_log_action" time="0.069" /><testcase classname="backend.tests.backend_test.TestCompliance" name="test_mark_high_risk" time="0.082" /><testcase classname="backend.tests.backend_test.TestCompliance" name="test_request_kyc" time="0.081" /><testcase classname="backend.tests.backend_test.TestMagnus" name="test_status" time="0.066" /><testcase classname="backend.tests.backend_test.TestMagnus" name="test_logs" time="0.069" /><testcase classname="backend.tests.backend_test.TestMagnus" name="test_user_lookup" time="0.069" /><testcase classname="backend.tests.backend_test.TestAuditLogs" name="test_list" time="0.072" /></testsuite></testsuites>