<?xml version="1.0" encoding="utf-8"?><testsuites name="pytest tests"><testsuite name="pytest" errors="0" failures="0" skipped="0" tests="14" time="6.739" timestamp="2026-05-27T11:31:13.143144+00:00" hostname="agent-env-f26fa8d6-aae7-449e-8dd6-a8553cd1c054"><testcase classname="backend.tests.test_settings_recharges_expenses.TestReceivingWallets" name="test_list_contains_seeded_btc_addresses" time="0.395" /><testcase classname="backend.tests.test_settings_recharges_expenses.TestReceivingWallets" name="test_create_update_delete_wallet" time="0.217" /><testcase classname="backend.tests.test_settings_recharges_expenses.TestReceivingWallets" name="test_create_wallet_rejects_bad_gateway" time="0.067" /><testcase classname="backend.tests.test_settings_recharges_expenses.TestReceivingWallets" name="test_create_wallet_rejects_missing_fields" time="0.064" /><testcase classname="backend.tests.test_settings_recharges_expenses.TestVendors" name="test_vendor_crud" time="0.369" /><testcase classname="backend.tests.test_settings_recharges_expenses.TestVendors" name="test_vendor_create_requires_name" time="0.066" /><testcase classname="backend.tests.test_settings_recharges_expenses.TestRecharges" name="test_create_with_binance_seed_address_auto_sets_gateway" time="0.153" /><testcase classname="backend.tests.test_settings_recharges_expenses.TestRecharges" name="test_create_with_manual_gateway_rejected" time="0.066" /><testcase classname="backend.tests.test_settings_recharges_expenses.TestRecharges" name="test_list_recharges_still_works" time="0.098" /><testcase classname="backend.tests.test_settings_recharges_expenses.TestExpenses" name="test_binancepay_expense_debits_binance_ledger" time="0.611" /><testcase classname="backend.tests.test_settings_recharges_expenses.TestExpenses" name="test_bank_expense_debits_wio_aed" time="0.643" /><testcase classname="backend.tests.test_settings_recharges_expenses.TestRegression" name="test_customers_list" time="0.071" /><testcase classname="backend.tests.test_settings_recharges_expenses.TestRegression" name="test_wallets_overview" time="0.067" /><testcase classname="backend.tests.test_settings_recharges_expenses.TestRegression" name="test_invoice_pdf_still_works" time="3.788" /></testsuite></testsuites>