<?xml version="1.0" encoding="utf-8"?><testsuites name="pytest tests"><testsuite name="pytest" errors="0" failures="0" skipped="0" tests="9" time="7.474" timestamp="2026-05-28T12:39:35.119871+00:00" hostname="agent-env-f26fa8d6-aae7-449e-8dd6-a8553cd1c054"><testcase classname="backend.tests.test_treasury_fanout.TestTreasuryFanout" name="test_okx_step_writes_pair" time="1.333" /><testcase classname="backend.tests.test_treasury_fanout.TestTreasuryFanout" name="test_aed_step_writes_pair" time="0.291" /><testcase classname="backend.tests.test_treasury_fanout.TestTreasuryFanout" name="test_wio_step_writes_pair" time="0.412" /><testcase classname="backend.tests.test_treasury_fanout.TestTreasuryFanout" name="test_idempotency_no_duplicates" time="0.717" /><testcase classname="backend.tests.test_treasury_fanout.TestTreasuryFanout" name="test_toggle_off_deletes_pair" time="0.289" /><testcase classname="backend.tests.test_treasury_fanout.TestCascadeDelete" name="test_recharge_delete_drops_movement_ledger" time="1.902" /><testcase classname="backend.tests.test_treasury_fanout.TestOxaPaySync" name="test_sync_endpoint_requires_jwt" time="0.141" /><testcase classname="backend.tests.test_treasury_fanout.TestOxaPaySync" name="test_sync_endpoint_returns_summary" time="0.749" /><testcase classname="backend.tests.test_treasury_fanout.TestGapfillRegression" name="test_customer_code_reuses_smallest_slot" time="1.577" /></testsuite></testsuites>