<?xml version="1.0" encoding="utf-8"?><testsuites name="pytest tests"><testsuite name="pytest" errors="0" failures="0" skipped="0" tests="18" time="5.516" timestamp="2026-05-27T09:13:51.217972+00:00" hostname="agent-env-f26fa8d6-aae7-449e-8dd6-a8553cd1c054"><testcase classname="backend.tests.test_wallets_chain.TestWalletConfig" name="test_config_returns_six_wallets" time="0.462" /><testcase classname="backend.tests.test_wallets_chain.TestWalletConfig" name="test_overview_returns_balances" time="0.126" /><testcase classname="backend.tests.test_wallets_chain.TestLedgerListing" name="test_oxapay_ledger_default" time="0.128" /><testcase classname="backend.tests.test_wallets_chain.TestLedgerListing" name="test_oxapay_ledger_filter_coin_usdt" time="0.146" /><testcase classname="backend.tests.test_wallets_chain.TestLedgerListing" name="test_oxapay_ledger_filter_tx_type_deposit" time="0.134" /><testcase classname="backend.tests.test_wallets_chain.TestLedgerListing" name="test_ledger_pagination" time="0.129" /><testcase classname="backend.tests.test_wallets_chain.TestSendBatch" name="test_send_batch_moves_balances" time="0.633" /><testcase classname="backend.tests.test_wallets_chain.TestSendBatch" name="test_send_batch_same_wallet_rejected" time="0.163" /><testcase classname="backend.tests.test_wallets_chain.TestConvert" name="test_convert_btc_to_usdt" time="0.657" /><testcase classname="backend.tests.test_wallets_chain.TestCashout" name="test_cashout_creates_pair" time="0.409" /><testcase classname="backend.tests.test_wallets_chain.TestExpenseLedger" name="test_expense_binance_usdt_debits_balance" time="0.381" /><testcase classname="backend.tests.test_wallets_chain.TestExpenseLedger" name="test_patch_expense_reflows_ledger" time="0.371" /><testcase classname="backend.tests.test_wallets_chain.TestExpenseLedger" name="test_delete_expense_restores_balance" time="0.399" /><testcase classname="backend.tests.test_wallets_chain.TestAuditChain" name="test_chain_search_returns_counts" time="0.294" /><testcase classname="backend.tests.test_wallets_chain.TestAuditChain" name="test_chain_search_short_query" time="0.118" /><testcase classname="backend.tests.test_wallets_chain.TestSnapshot" name="test_daily_snapshot" time="0.129" /><testcase classname="backend.tests.test_wallets_chain.TestOnchain" name="test_btc_verify_known_hash" time="0.444" /><testcase classname="backend.tests.test_wallets_chain.TestOnchain" name="test_onchain_unsupported_network" time="0.146" /></testsuite></testsuites>